[21:03:38] [main/WARN]: Failed to add PDH Counter: \Arquivo de paginação(_Total)\% Usage, Error code: 0xC0000BB8
[21:03:38] [main/WARN]: Failed to add counter for PDH object: Arquivo de paginação
[21:03:38] [main/WARN]: Disabling further attempts to query Paging File.
[21:03:50] [main/INFO]: Environment: authHost='https://authserver.mojang.com', accountsHost='https://api.mojang.com', sessionHost='https://sessionserver.mojang.com', servicesHost='https://api.minecraftservices.com', name='PROD'
[21:03:51] [main/WARN]: Ambiguity between arguments [teleport, location] and [teleport, destination] with inputs: [0.1 -0.5 .9, 0 0 0]
[21:03:51] [main/WARN]: Ambiguity between arguments [teleport, location] and [teleport, targets] with inputs: [0.1 -0.5 .9, 0 0 0]
[21:03:51] [main/WARN]: Ambiguity between arguments [teleport, destination] and [teleport, targets] with inputs: [Player, 0123, @e, dd12be42-52a9-4a91-a8a1-11c01849e498]
[21:03:51] [main/WARN]: Ambiguity between arguments [teleport, targets] and [teleport, destination] with inputs: [Player, 0123, dd12be42-52a9-4a91-a8a1-11c01849e498]
[21:03:51] [main/WARN]: Ambiguity between arguments [teleport, targets, location] and [teleport, targets, destination] with inputs: [0.1 -0.5 .9, 0 0 0]
[21:03:51] [main/INFO]: Reloading ResourceManager: Default
[21:03:53] [Worker-Main-11/INFO]: Loaded 7 recipes
[21:03:55] [Worker-Main-11/INFO]: Loaded 1137 advancements
[21:03:59] [Server thread/INFO]: Starting minecraft server version 1.17
[21:03:59] [Server thread/INFO]: Loading properties
[21:03:59] [Server thread/INFO]: Default game type: SURVIVAL
[21:03:59] [Server thread/INFO]: Generating keypair
[21:03:59] [Server console handler/ERROR]: Exception handling console input
java.io.IOException: Identificador inválido
	at java.io.FileInputStream.readBytes(Native Method) ~[?:?]
	at java.io.FileInputStream.read(FileInputStream.java:271) ~[?:?]
	at java.io.BufferedInputStream.read1(BufferedInputStream.java:282) ~[?:?]
	at java.io.BufferedInputStream.read(BufferedInputStream.java:343) ~[?:?]
	at sun.nio.cs.StreamDecoder.readBytes(StreamDecoder.java:297) ~[?:?]
	at sun.nio.cs.StreamDecoder.implRead(StreamDecoder.java:339) ~[?:?]
	at sun.nio.cs.StreamDecoder.read(StreamDecoder.java:188) ~[?:?]
	at java.io.InputStreamReader.read(InputStreamReader.java:178) ~[?:?]
	at java.io.BufferedReader.fill(BufferedReader.java:161) ~[?:?]
	at java.io.BufferedReader.readLine(BufferedReader.java:329) ~[?:?]
	at java.io.BufferedReader.readLine(BufferedReader.java:396) ~[?:?]
	at aas$1.run(SourceFile:101) [server.jar:?]
[21:03:59] [Server thread/INFO]: Starting Minecraft server on *:25565
[21:03:59] [Server thread/INFO]: Using default channel type
[21:04:01] [Server thread/WARN]: **** SERVER IS RUNNING IN OFFLINE/INSECURE MODE!
[21:04:01] [Server thread/WARN]: The server will make no attempt to authenticate usernames. Beware.
[21:04:01] [Server thread/WARN]: While this makes the game possible to play without internet access, it also opens up the ability for hackers to connect with any username they choose.
[21:04:01] [Server thread/WARN]: To change this, set "online-mode" to "true" in the server.properties file.
[21:04:01] [Server thread/INFO]: Preparing level "world"
[21:04:10] [Server thread/INFO]: Preparing start region for dimension minecraft:overworld
[21:04:11] [Worker-Main-8/INFO]: Preparing spawn area: 0%
[21:04:11] [Worker-Main-12/INFO]: Preparing spawn area: 0%
[21:04:12] [Worker-Main-14/INFO]: Preparing spawn area: 0%
[21:04:12] [Worker-Main-14/INFO]: Preparing spawn area: 0%
[21:04:12] [Worker-Main-11/INFO]: Preparing spawn area: 0%
[21:04:13] [Worker-Main-11/INFO]: Preparing spawn area: 0%
[21:04:14] [Worker-Main-11/INFO]: Preparing spawn area: 0%
[21:04:14] [Worker-Main-8/INFO]: Preparing spawn area: 0%
[21:04:14] [Worker-Main-14/INFO]: Preparing spawn area: 0%
[21:04:15] [Worker-Main-10/INFO]: Preparing spawn area: 0%
[21:04:15] [Worker-Main-8/INFO]: Preparing spawn area: 0%
[21:04:16] [Worker-Main-8/INFO]: Preparing spawn area: 0%
[21:04:16] [Worker-Main-13/INFO]: Preparing spawn area: 1%
[21:04:17] [Worker-Main-12/INFO]: Preparing spawn area: 1%
[21:04:17] [Worker-Main-11/INFO]: Preparing spawn area: 2%
[21:04:18] [Worker-Main-10/INFO]: Preparing spawn area: 2%
[21:04:18] [Worker-Main-8/INFO]: Preparing spawn area: 2%
[21:04:19] [Worker-Main-9/INFO]: Preparing spawn area: 2%
[21:04:19] [Worker-Main-11/INFO]: Preparing spawn area: 3%
[21:04:20] [Worker-Main-11/INFO]: Preparing spawn area: 3%
[21:04:20] [Worker-Main-13/INFO]: Preparing spawn area: 3%
[21:04:21] [Worker-Main-8/INFO]: Preparing spawn area: 3%
[21:04:21] [Worker-Main-14/INFO]: Preparing spawn area: 3%
[21:04:22] [Worker-Main-8/INFO]: Preparing spawn area: 7%
[21:04:22] [Worker-Main-11/INFO]: Preparing spawn area: 7%
[21:04:23] [Worker-Main-11/INFO]: Preparing spawn area: 7%
[21:04:23] [Worker-Main-13/INFO]: Preparing spawn area: 8%
[21:04:24] [Worker-Main-9/INFO]: Preparing spawn area: 8%
[21:04:24] [Worker-Main-13/INFO]: Preparing spawn area: 8%
[21:04:25] [Worker-Main-10/INFO]: Preparing spawn area: 8%
[21:04:25] [Worker-Main-10/INFO]: Preparing spawn area: 8%
[21:04:26] [Worker-Main-13/INFO]: Preparing spawn area: 8%
[21:04:26] [Worker-Main-8/INFO]: Preparing spawn area: 15%
[21:04:27] [Worker-Main-9/INFO]: Preparing spawn area: 15%
[21:04:27] [Worker-Main-10/INFO]: Preparing spawn area: 15%
[21:04:28] [Worker-Main-8/INFO]: Preparing spawn area: 15%
[21:04:28] [Worker-Main-11/INFO]: Preparing spawn area: 15%
[21:04:29] [Worker-Main-13/INFO]: Preparing spawn area: 23%
[21:04:29] [Worker-Main-13/INFO]: Preparing spawn area: 23%
[21:04:30] [Worker-Main-10/INFO]: Preparing spawn area: 28%
[21:04:30] [Worker-Main-9/INFO]: Preparing spawn area: 28%
[21:04:31] [Worker-Main-14/INFO]: Preparing spawn area: 28%
[21:04:31] [Worker-Main-12/INFO]: Preparing spawn area: 28%
[21:04:32] [Worker-Main-12/INFO]: Preparing spawn area: 28%
[21:04:32] [Worker-Main-13/INFO]: Preparing spawn area: 28%
[21:04:33] [Worker-Main-12/INFO]: Preparing spawn area: 28%
[21:04:33] [Worker-Main-12/INFO]: Preparing spawn area: 28%
[21:04:34] [Worker-Main-9/INFO]: Preparing spawn area: 28%
[21:04:35] [Worker-Main-10/INFO]: Preparing spawn area: 35%
[21:04:35] [Worker-Main-10/INFO]: Preparing spawn area: 35%
[21:04:36] [Worker-Main-12/INFO]: Preparing spawn area: 35%
[21:04:36] [Worker-Main-12/INFO]: Preparing spawn area: 35%
[21:04:36] [Worker-Main-12/INFO]: Preparing spawn area: 35%
[21:04:37] [Worker-Main-12/INFO]: Preparing spawn area: 35%
[21:04:37] [Worker-Main-13/INFO]: Preparing spawn area: 37%
[21:04:38] [Worker-Main-13/INFO]: Preparing spawn area: 37%
[21:04:38] [Worker-Main-13/INFO]: Preparing spawn area: 37%
[21:04:39] [Worker-Main-13/INFO]: Preparing spawn area: 37%
[21:04:39] [Worker-Main-10/INFO]: Preparing spawn area: 37%
[21:04:40] [Worker-Main-13/INFO]: Preparing spawn area: 37%
[21:04:40] [Worker-Main-14/INFO]: Preparing spawn area: 37%
[21:04:41] [Worker-Main-14/INFO]: Preparing spawn area: 37%
[21:04:42] [Worker-Main-10/INFO]: Preparing spawn area: 37%
[21:04:42] [Worker-Main-9/INFO]: Preparing spawn area: 37%
[21:04:43] [Worker-Main-9/INFO]: Preparing spawn area: 37%
[21:04:43] [Worker-Main-9/INFO]: Preparing spawn area: 37%
[21:04:43] [Worker-Main-14/INFO]: Preparing spawn area: 37%
[21:04:45] [Worker-Main-14/INFO]: Preparing spawn area: 37%
[21:04:45] [Worker-Main-10/INFO]: Preparing spawn area: 37%
[21:04:45] [Worker-Main-9/INFO]: Preparing spawn area: 37%
[21:04:45] [Worker-Main-12/INFO]: Preparing spawn area: 42%
[21:04:46] [Worker-Main-13/INFO]: Preparing spawn area: 43%
[21:04:46] [Worker-Main-14/INFO]: Preparing spawn area: 43%
[21:04:47] [Worker-Main-10/INFO]: Preparing spawn area: 43%
[21:04:47] [Worker-Main-11/INFO]: Preparing spawn area: 43%
[21:04:49] [Worker-Main-10/INFO]: Preparing spawn area: 43%
[21:04:49] [Worker-Main-10/INFO]: Preparing spawn area: 43%
[21:04:49] [Worker-Main-9/INFO]: Preparing spawn area: 43%
[21:04:49] [Worker-Main-10/INFO]: Preparing spawn area: 43%
[21:04:50] [Worker-Main-9/INFO]: Preparing spawn area: 43%
[21:04:51] [Worker-Main-13/INFO]: Preparing spawn area: 43%
[21:04:51] [Worker-Main-9/INFO]: Preparing spawn area: 45%
[21:04:52] [Worker-Main-9/INFO]: Preparing spawn area: 56%
[21:04:52] [Worker-Main-9/INFO]: Preparing spawn area: 56%
[21:04:54] [Worker-Main-8/INFO]: Preparing spawn area: 61%
[21:04:54] [Worker-Main-8/INFO]: Preparing spawn area: 61%
[21:04:54] [Worker-Main-14/INFO]: Preparing spawn area: 61%
[21:04:54] [Worker-Main-8/INFO]: Preparing spawn area: 69%
[21:04:56] [Worker-Main-14/INFO]: Preparing spawn area: 72%
[21:04:56] [Worker-Main-11/INFO]: Preparing spawn area: 72%
[21:04:56] [Worker-Main-14/INFO]: Preparing spawn area: 72%
[21:04:56] [Worker-Main-14/INFO]: Preparing spawn area: 72%
[21:04:59] [Worker-Main-12/INFO]: Preparing spawn area: 82%
[21:04:59] [Worker-Main-14/INFO]: Preparing spawn area: 82%
[21:04:59] [Worker-Main-11/INFO]: Preparing spawn area: 82%
[21:04:59] [Worker-Main-11/INFO]: Preparing spawn area: 82%
[21:04:59] [Worker-Main-14/INFO]: Preparing spawn area: 82%
[21:05:00] [Worker-Main-12/INFO]: Preparing spawn area: 93%
[21:05:00] [Worker-Main-11/INFO]: Preparing spawn area: 93%
[21:05:00] [Server thread/INFO]: Time elapsed: 49572 ms
[21:05:00] [Server thread/INFO]: Done (59.007s)! For help, type "help"
[21:05:30] [Server thread/INFO]: Stopping server
[21:05:30] [Server thread/INFO]: Saving players
[21:05:30] [Server thread/INFO]: Saving worlds
[21:05:30] [Server thread/INFO]: Saving chunks for level 'ServerLevel[world]'/minecraft:overworld
[21:05:33] [Server thread/INFO]: ThreadedAnvilChunkStorage (world): All chunks are saved
[21:05:33] [Server thread/INFO]: Saving chunks for level 'ServerLevel[world]'/minecraft:the_nether
[21:05:33] [Server thread/INFO]: ThreadedAnvilChunkStorage (DIM-1): All chunks are saved
[21:05:33] [Server thread/INFO]: Saving chunks for level 'ServerLevel[world]'/minecraft:the_end
[21:05:33] [Server thread/INFO]: ThreadedAnvilChunkStorage (DIM1): All chunks are saved
[21:05:33] [Server thread/INFO]: ThreadedAnvilChunkStorage (world): All chunks are saved
[21:05:34] [Server thread/INFO]: ThreadedAnvilChunkStorage (DIM-1): All chunks are saved
[21:05:34] [Server thread/INFO]: ThreadedAnvilChunkStorage (DIM1): All chunks are saved
